2024-09-06T10:42:59.809-05:00  INFO 26164 --- [emazonapi] [main] c.b.emazonapi.EmazonApiApplication       : Starting EmazonApiApplication using Java 21.0.2 with PID 26164 (C:\Universidad\bootcamp Pragma\emazonAPI\build\classes\java\main started by eldan in C:\Universidad\bootcamp Pragma\emazonAPI)
2024-09-06T10:42:59.819-05:00  INFO 26164 --- [emazonapi] [main] c.b.emazonapi.EmazonApiApplication       : No active profile set, falling back to 1 default profile: "default"
2024-09-06T10:43:00.488-05:00  INFO 26164 --- [emazonapi] [main] .s.d.r.c.RepositoryConfigurationDelegate : Bootstrapping Spring Data JPA repositories in DEFAULT mode.
2024-09-06T10:43:00.566-05:00  INFO 26164 --- [emazonapi] [main] .s.d.r.c.RepositoryConfigurationDelegate : Finished Spring Data repository scanning in 70 ms. Found 5 JPA repository interfaces.
2024-09-06T10:43:01.122-05:00  INFO 26164 --- [emazonapi] [main] o.s.b.w.embedded.tomcat.TomcatWebServer  : Tomcat initialized with port 8090 (http)
2024-09-06T10:43:01.133-05:00  INFO 26164 --- [emazonapi] [main] o.apache.catalina.core.StandardService   : Starting service [Tomcat]
2024-09-06T10:43:01.133-05:00  INFO 26164 --- [emazonapi] [main] o.apache.catalina.core.StandardEngine    : Starting Servlet engine: [Apache Tomcat/10.1.26]
2024-09-06T10:43:01.195-05:00  INFO 26164 --- [emazonapi] [main] o.a.c.c.C.[Tomcat].[localhost].[/]       : Initializing Spring embedded WebApplicationContext
2024-09-06T10:43:01.195-05:00  INFO 26164 --- [emazonapi] [main] w.s.c.ServletWebServerApplicationContext : Root WebApplicationContext: initialization completed in 1331 ms
2024-09-06T10:43:01.479-05:00  INFO 26164 --- [emazonapi] [main] o.hibernate.jpa.internal.util.LogHelper  : HHH000204: Processing PersistenceUnitInfo [name: default]
2024-09-06T10:43:01.594-05:00  INFO 26164 --- [emazonapi] [main] org.hibernate.Version                    : HHH000412: Hibernate ORM core version 6.5.2.Final
2024-09-06T10:43:01.629-05:00  INFO 26164 --- [emazonapi] [main] o.h.c.internal.RegionFactoryInitiator    : HHH000026: Second-level cache disabled
2024-09-06T10:43:01.940-05:00  INFO 26164 --- [emazonapi] [main] o.s.o.j.p.SpringPersistenceUnitInfo      : No LoadTimeWeaver setup: ignoring JPA class transformer
2024-09-06T10:43:01.964-05:00  INFO 26164 --- [emazonapi] [main] com.zaxxer.hikari.HikariDataSource       : HikariPool-1 - Starting...
2024-09-06T10:43:02.106-05:00  INFO 26164 --- [emazonapi] [main] com.zaxxer.hikari.pool.HikariPool        : HikariPool-1 - Added connection com.mysql.cj.jdbc.ConnectionImpl@6f7a20da
2024-09-06T10:43:02.107-05:00  INFO 26164 --- [emazonapi] [main] com.zaxxer.hikari.HikariDataSource       : HikariPool-1 - Start completed.
2024-09-06T10:43:02.143-05:00  WARN 26164 --- [emazonapi] [main] org.hibernate.orm.deprecation            : HHH90000025: MySQL8Dialect does not need to be specified explicitly using 'hibernate.dialect' (remove the property setting and it will be selected by default)
2024-09-06T10:43:02.144-05:00  WARN 26164 --- [emazonapi] [main] org.hibernate.orm.deprecation            : HHH90000026: MySQL8Dialect has been deprecated; use org.hibernate.dialect.MySQLDialect instead
2024-09-06T10:43:02.819-05:00  INFO 26164 --- [emazonapi] [main] o.h.e.t.j.p.i.JtaPlatformInitiator       : HHH000489: No JTA platform available (set 'hibernate.transaction.jta.platform' to enable JTA platform integration)
2024-09-06T10:43:02.910-05:00  INFO 26164 --- [emazonapi] [main] j.LocalContainerEntityManagerFactoryBean : Initialized JPA EntityManagerFactory for persistence unit 'default'
2024-09-06T10:43:03.376-05:00  WARN 26164 --- [emazonapi] [main] JpaBaseConfiguration$JpaWebConfiguration : spring.jpa.open-in-view is enabled by default. Therefore, database queries may be performed during view rendering. Explicitly configure spring.jpa.open-in-view to disable this warning
2024-09-06T10:43:03.524-05:00  INFO 26164 --- [emazonapi] [main] r$InitializeUserDetailsManagerConfigurer : Global AuthenticationManager configured with UserDetailsService bean with name userDetailsService
2024-09-06T10:43:03.684-05:00 DEBUG 26164 --- [emazonapi] [main] s.w.s.m.m.a.RequestMappingHandlerMapping : 17 mappings in 'requestMappingHandlerMapping'
2024-09-06T10:43:03.798-05:00 DEBUG 26164 --- [emazonapi] [main] o.s.w.s.handler.SimpleUrlHandlerMapping  : Patterns [/webjars/**, /**, /swagger-ui*/*swagger-initializer.js, /swagger-ui*/**] in 'resourceHandlerMapping'
2024-09-06T10:43:04.020-05:00 DEBUG 26164 --- [emazonapi] [main] s.w.s.m.m.a.RequestMappingHandlerAdapter : ControllerAdvice beans: 0 @ModelAttribute, 0 @InitBinder, 1 RequestBodyAdvice, 1 ResponseBodyAdvice
2024-09-06T10:43:04.072-05:00 DEBUG 26164 --- [emazonapi] [main] .m.m.a.ExceptionHandlerExceptionResolver : ControllerAdvice beans: 2 @ExceptionHandler, 1 ResponseBodyAdvice
2024-09-06T10:43:04.302-05:00  INFO 26164 --- [emazonapi] [main] o.s.b.w.embedded.tomcat.TomcatWebServer  : Tomcat started on port 8090 (http) with context path '/'
2024-09-06T10:43:04.309-05:00  INFO 26164 --- [emazonapi] [main] c.b.emazonapi.EmazonApiApplication       : Started EmazonApiApplication in 4.821 seconds (process running for 5.088)
2024-09-06T10:43:22.528-05:00  INFO 27512 --- [emazonapi] [main] c.b.emazonapi.EmazonApiApplication       : Starting EmazonApiApplication using Java 21.0.2 with PID 27512 (C:\Universidad\bootcamp Pragma\emazonAPI\build\classes\java\main started by eldan in C:\Universidad\bootcamp Pragma\emazonAPI)
2024-09-06T10:43:22.530-05:00  INFO 27512 --- [emazonapi] [main] c.b.emazonapi.EmazonApiApplication       : No active profile set, falling back to 1 default profile: "default"
2024-09-06T10:43:23.161-05:00  INFO 27512 --- [emazonapi] [main] .s.d.r.c.RepositoryConfigurationDelegate : Bootstrapping Spring Data JPA repositories in DEFAULT mode.
2024-09-06T10:43:23.234-05:00  INFO 27512 --- [emazonapi] [main] .s.d.r.c.RepositoryConfigurationDelegate : Finished Spring Data repository scanning in 66 ms. Found 5 JPA repository interfaces.
2024-09-06T10:43:23.789-05:00  INFO 27512 --- [emazonapi] [main] o.s.b.w.embedded.tomcat.TomcatWebServer  : Tomcat initialized with port 8090 (http)
2024-09-06T10:43:23.800-05:00  INFO 27512 --- [emazonapi] [main] o.apache.catalina.core.StandardService   : Starting service [Tomcat]
2024-09-06T10:43:23.800-05:00  INFO 27512 --- [emazonapi] [main] o.apache.catalina.core.StandardEngine    : Starting Servlet engine: [Apache Tomcat/10.1.26]
2024-09-06T10:43:23.866-05:00  INFO 27512 --- [emazonapi] [main] o.a.c.c.C.[Tomcat].[localhost].[/]       : Initializing Spring embedded WebApplicationContext
2024-09-06T10:43:23.866-05:00  INFO 27512 --- [emazonapi] [main] w.s.c.ServletWebServerApplicationContext : Root WebApplicationContext: initialization completed in 1299 ms
2024-09-06T10:43:24.081-05:00  INFO 27512 --- [emazonapi] [main] o.hibernate.jpa.internal.util.LogHelper  : HHH000204: Processing PersistenceUnitInfo [name: default]
2024-09-06T10:43:24.128-05:00  INFO 27512 --- [emazonapi] [main] org.hibernate.Version                    : HHH000412: Hibernate ORM core version 6.5.2.Final
2024-09-06T10:43:24.155-05:00  INFO 27512 --- [emazonapi] [main] o.h.c.internal.RegionFactoryInitiator    : HHH000026: Second-level cache disabled
2024-09-06T10:43:24.393-05:00  INFO 27512 --- [emazonapi] [main] o.s.o.j.p.SpringPersistenceUnitInfo      : No LoadTimeWeaver setup: ignoring JPA class transformer
2024-09-06T10:43:24.412-05:00  INFO 27512 --- [emazonapi] [main] com.zaxxer.hikari.HikariDataSource       : HikariPool-1 - Starting...
2024-09-06T10:43:24.525-05:00  INFO 27512 --- [emazonapi] [main] com.zaxxer.hikari.pool.HikariPool        : HikariPool-1 - Added connection com.mysql.cj.jdbc.ConnectionImpl@4269aad7
2024-09-06T10:43:24.526-05:00  INFO 27512 --- [emazonapi] [main] com.zaxxer.hikari.HikariDataSource       : HikariPool-1 - Start completed.
2024-09-06T10:43:24.554-05:00  WARN 27512 --- [emazonapi] [main] org.hibernate.orm.deprecation            : HHH90000025: MySQL8Dialect does not need to be specified explicitly using 'hibernate.dialect' (remove the property setting and it will be selected by default)
2024-09-06T10:43:24.554-05:00  WARN 27512 --- [emazonapi] [main] org.hibernate.orm.deprecation            : HHH90000026: MySQL8Dialect has been deprecated; use org.hibernate.dialect.MySQLDialect instead
2024-09-06T10:43:25.204-05:00  INFO 27512 --- [emazonapi] [main] o.h.e.t.j.p.i.JtaPlatformInitiator       : HHH000489: No JTA platform available (set 'hibernate.transaction.jta.platform' to enable JTA platform integration)
2024-09-06T10:43:25.268-05:00  INFO 27512 --- [emazonapi] [main] j.LocalContainerEntityManagerFactoryBean : Initialized JPA EntityManagerFactory for persistence unit 'default'
2024-09-06T10:43:25.711-05:00  WARN 27512 --- [emazonapi] [main] JpaBaseConfiguration$JpaWebConfiguration : spring.jpa.open-in-view is enabled by default. Therefore, database queries may be performed during view rendering. Explicitly configure spring.jpa.open-in-view to disable this warning
2024-09-06T10:43:25.854-05:00  INFO 27512 --- [emazonapi] [main] r$InitializeUserDetailsManagerConfigurer : Global AuthenticationManager configured with UserDetailsService bean with name userDetailsService
2024-09-06T10:43:25.974-05:00 DEBUG 27512 --- [emazonapi] [main] s.w.s.m.m.a.RequestMappingHandlerMapping : 17 mappings in 'requestMappingHandlerMapping'
2024-09-06T10:43:26.060-05:00 DEBUG 27512 --- [emazonapi] [main] o.s.w.s.handler.SimpleUrlHandlerMapping  : Patterns [/webjars/**, /**, /swagger-ui*/*swagger-initializer.js, /swagger-ui*/**] in 'resourceHandlerMapping'
2024-09-06T10:43:26.182-05:00 DEBUG 27512 --- [emazonapi] [main] s.w.s.m.m.a.RequestMappingHandlerAdapter : ControllerAdvice beans: 0 @ModelAttribute, 0 @InitBinder, 1 RequestBodyAdvice, 1 ResponseBodyAdvice
2024-09-06T10:43:26.218-05:00 DEBUG 27512 --- [emazonapi] [main] .m.m.a.ExceptionHandlerExceptionResolver : ControllerAdvice beans: 2 @ExceptionHandler, 1 ResponseBodyAdvice
2024-09-06T10:43:26.363-05:00  INFO 27512 --- [emazonapi] [main] o.s.b.w.embedded.tomcat.TomcatWebServer  : Tomcat started on port 8090 (http) with context path '/'
2024-09-06T10:43:26.370-05:00  INFO 27512 --- [emazonapi] [main] c.b.emazonapi.EmazonApiApplication       : Started EmazonApiApplication in 4.184 seconds (process running for 4.455)
2024-09-06T10:44:12.794-05:00  INFO 27512 --- [emazonapi] [http-nio-8090-exec-1] o.a.c.c.C.[Tomcat].[localhost].[/]       : Initializing Spring DispatcherServlet 'dispatcherServlet'
2024-09-06T10:44:12.795-05:00  INFO 27512 --- [emazonapi] [http-nio-8090-exec-1] o.s.web.servlet.DispatcherServlet        : Initializing Servlet 'dispatcherServlet'
2024-09-06T10:44:12.795-05:00 DEBUG 27512 --- [emazonapi] [http-nio-8090-exec-1] o.s.web.servlet.DispatcherServlet        : Detected StandardServletMultipartResolver
2024-09-06T10:44:12.795-05:00 DEBUG 27512 --- [emazonapi] [http-nio-8090-exec-1] o.s.web.servlet.DispatcherServlet        : Detected AcceptHeaderLocaleResolver
2024-09-06T10:44:12.796-05:00 DEBUG 27512 --- [emazonapi] [http-nio-8090-exec-1] o.s.web.servlet.DispatcherServlet        : Detected FixedThemeResolver
2024-09-06T10:44:12.798-05:00 DEBUG 27512 --- [emazonapi] [http-nio-8090-exec-1] o.s.web.servlet.DispatcherServlet        : Detected org.springframework.web.servlet.view.DefaultRequestToViewNameTranslator@57657b96
2024-09-06T10:44:12.798-05:00 DEBUG 27512 --- [emazonapi] [http-nio-8090-exec-1] o.s.web.servlet.DispatcherServlet        : Detected org.springframework.web.servlet.support.SessionFlashMapManager@60c33609
2024-09-06T10:44:12.799-05:00 DEBUG 27512 --- [emazonapi] [http-nio-8090-exec-1] o.s.web.servlet.DispatcherServlet        : enableLoggingRequestDetails='false': request parameters and headers will be masked to prevent unsafe logging of potentially sensitive data
2024-09-06T10:44:12.799-05:00  INFO 27512 --- [emazonapi] [http-nio-8090-exec-1] o.s.web.servlet.DispatcherServlet        : Completed initialization in 4 ms
2024-09-06T10:44:23.282-05:00 DEBUG 27512 --- [emazonapi] [http-nio-8090-exec-6] o.s.web.servlet.DispatcherServlet        : GET "/swagger-ui/index.html?continue", parameters={masked}
2024-09-06T10:44:23.285-05:00 DEBUG 27512 --- [emazonapi] [http-nio-8090-exec-6] o.s.w.s.handler.SimpleUrlHandlerMapping  : Mapped to ResourceHttpRequestHandler [classpath [META-INF/resources/webjars/]]
2024-09-06T10:44:23.319-05:00 DEBUG 27512 --- [emazonapi] [http-nio-8090-exec-6] o.s.web.servlet.DispatcherServlet        : Completed 200 OK
2024-09-06T10:44:23.346-05:00 DEBUG 27512 --- [emazonapi] [http-nio-8090-exec-7] o.s.web.servlet.DispatcherServlet        : GET "/swagger-ui/swagger-ui.css", parameters={}
2024-09-06T10:44:23.347-05:00 DEBUG 27512 --- [emazonapi] [http-nio-8090-exec-7] o.s.w.s.handler.SimpleUrlHandlerMapping  : Mapped to ResourceHttpRequestHandler [classpath [META-INF/resources/webjars/]]
2024-09-06T10:44:23.347-05:00 DEBUG 27512 --- [emazonapi] [http-nio-8090-exec-9] o.s.web.servlet.DispatcherServlet        : GET "/swagger-ui/swagger-ui-bundle.js", parameters={}
2024-09-06T10:44:23.347-05:00 DEBUG 27512 --- [emazonapi] [http-nio-8090-exec-10] o.s.web.servlet.DispatcherServlet        : GET "/swagger-ui/swagger-initializer.js", parameters={}
2024-09-06T10:44:23.348-05:00 DEBUG 27512 --- [emazonapi] [http-nio-8090-exec-9] o.s.w.s.handler.SimpleUrlHandlerMapping  : Mapped to ResourceHttpRequestHandler [classpath [META-INF/resources/webjars/]]
2024-09-06T10:44:23.349-05:00 DEBUG 27512 --- [emazonapi] [http-nio-8090-exec-10] o.s.w.s.handler.SimpleUrlHandlerMapping  : Mapped to ResourceHttpRequestHandler [classpath [META-INF/resources/webjars/]]
2024-09-06T10:44:23.352-05:00 DEBUG 27512 --- [emazonapi] [http-nio-8090-exec-8] o.s.web.servlet.DispatcherServlet        : GET "/swagger-ui/index.css", parameters={}
2024-09-06T10:44:23.353-05:00 DEBUG 27512 --- [emazonapi] [http-nio-8090-exec-8] o.s.w.s.handler.SimpleUrlHandlerMapping  : Mapped to ResourceHttpRequestHandler [classpath [META-INF/resources/webjars/]]
2024-09-06T10:44:23.356-05:00 DEBUG 27512 --- [emazonapi] [http-nio-8090-exec-1] o.s.web.servlet.DispatcherServlet        : GET "/swagger-ui/swagger-ui-standalone-preset.js", parameters={}
2024-09-06T10:44:23.357-05:00 DEBUG 27512 --- [emazonapi] [http-nio-8090-exec-1] o.s.w.s.handler.SimpleUrlHandlerMapping  : Mapped to ResourceHttpRequestHandler [classpath [META-INF/resources/webjars/]]
2024-09-06T10:44:23.362-05:00 DEBUG 27512 --- [emazonapi] [http-nio-8090-exec-8] o.s.web.servlet.DispatcherServlet        : Completed 200 OK
2024-09-06T10:44:23.362-05:00 DEBUG 27512 --- [emazonapi] [http-nio-8090-exec-7] o.s.web.servlet.DispatcherServlet        : Completed 200 OK
2024-09-06T10:44:23.372-05:00 DEBUG 27512 --- [emazonapi] [http-nio-8090-exec-1] o.s.web.servlet.DispatcherServlet        : Completed 200 OK
2024-09-06T10:44:23.388-05:00 DEBUG 27512 --- [emazonapi] [http-nio-8090-exec-9] o.s.web.servlet.DispatcherServlet        : Completed 200 OK
2024-09-06T10:44:23.397-05:00 DEBUG 27512 --- [emazonapi] [http-nio-8090-exec-10] o.s.web.servlet.DispatcherServlet        : Completed 200 OK
2024-09-06T10:44:23.509-05:00 DEBUG 27512 --- [emazonapi] [http-nio-8090-exec-2] o.s.web.servlet.DispatcherServlet        : GET "/v3/api-docs/swagger-config", parameters={}
2024-09-06T10:44:23.513-05:00 DEBUG 27512 --- [emazonapi] [http-nio-8090-exec-2] s.w.s.m.m.a.RequestMappingHandlerMapping : Mapped to org.springdoc.webmvc.ui.SwaggerConfigResource#openapiJson(HttpServletRequest)
2024-09-06T10:44:23.545-05:00 DEBUG 27512 --- [emazonapi] [http-nio-8090-exec-2] m.m.a.RequestResponseBodyMethodProcessor : Using 'application/json', given [*/*] and supported [application/json]
2024-09-06T10:44:23.548-05:00 DEBUG 27512 --- [emazonapi] [http-nio-8090-exec-2] m.m.a.RequestResponseBodyMethodProcessor : Writing [{configUrl=/v3/api-docs/swagger-config, oauth2RedirectUrl=http://localhost:8090/swagger-ui/oauth2-re (truncated)...]
2024-09-06T10:44:23.553-05:00 DEBUG 27512 --- [emazonapi] [http-nio-8090-exec-2] o.s.web.servlet.DispatcherServlet        : Completed 200 OK
2024-09-06T10:44:23.571-05:00 DEBUG 27512 --- [emazonapi] [http-nio-8090-exec-3] o.s.web.servlet.DispatcherServlet        : GET "/v3/api-docs", parameters={}
2024-09-06T10:44:23.572-05:00 DEBUG 27512 --- [emazonapi] [http-nio-8090-exec-3] s.w.s.m.m.a.RequestMappingHandlerMapping : Mapped to org.springdoc.webmvc.api.OpenApiWebMvcResource#openapiJson(HttpServletRequest, String, Locale)
2024-09-06T10:44:24.237-05:00  INFO 27512 --- [emazonapi] [http-nio-8090-exec-3] o.springdoc.api.AbstractOpenApiResource  : Init duration for springdoc-openapi is: 615 ms
2024-09-06T10:44:24.326-05:00 DEBUG 27512 --- [emazonapi] [http-nio-8090-exec-3] m.m.a.RequestResponseBodyMethodProcessor : Using 'application/json', given [application/json, */*] and supported [application/json]
2024-09-06T10:44:24.331-05:00 DEBUG 27512 --- [emazonapi] [http-nio-8090-exec-3] m.m.a.RequestResponseBodyMethodProcessor : Writing [{123, 34, 111, 112, 101, 110, 97, 112, 105, 34, 58, 34, 51, 46, 48, 46, 49, 34, 44, 34, 105, 110, 10 (truncated)...]
2024-09-06T10:44:24.333-05:00 DEBUG 27512 --- [emazonapi] [http-nio-8090-exec-3] o.s.web.servlet.DispatcherServlet        : Completed 200 OK
2024-09-06T10:45:21.325-05:00  INFO 8432 --- [emazonapi] [main] c.b.emazonapi.EmazonApiApplication       : Starting EmazonApiApplication using Java 21.0.2 with PID 8432 (C:\Universidad\bootcamp Pragma\emazonAPI\build\classes\java\main started by eldan in C:\Universidad\bootcamp Pragma\emazonAPI)
2024-09-06T10:45:21.328-05:00  INFO 8432 --- [emazonapi] [main] c.b.emazonapi.EmazonApiApplication       : No active profile set, falling back to 1 default profile: "default"
2024-09-06T10:45:21.952-05:00  INFO 8432 --- [emazonapi] [main] .s.d.r.c.RepositoryConfigurationDelegate : Bootstrapping Spring Data JPA repositories in DEFAULT mode.
2024-09-06T10:45:22.016-05:00  INFO 8432 --- [emazonapi] [main] .s.d.r.c.RepositoryConfigurationDelegate : Finished Spring Data repository scanning in 57 ms. Found 5 JPA repository interfaces.
2024-09-06T10:45:22.472-05:00  INFO 8432 --- [emazonapi] [main] o.s.b.w.embedded.tomcat.TomcatWebServer  : Tomcat initialized with port 8090 (http)
2024-09-06T10:45:22.482-05:00  INFO 8432 --- [emazonapi] [main] o.apache.catalina.core.StandardService   : Starting service [Tomcat]
2024-09-06T10:45:22.482-05:00  INFO 8432 --- [emazonapi] [main] o.apache.catalina.core.StandardEngine    : Starting Servlet engine: [Apache Tomcat/10.1.26]
2024-09-06T10:45:22.532-05:00  INFO 8432 --- [emazonapi] [main] o.a.c.c.C.[Tomcat].[localhost].[/]       : Initializing Spring embedded WebApplicationContext
2024-09-06T10:45:22.532-05:00  INFO 8432 --- [emazonapi] [main] w.s.c.ServletWebServerApplicationContext : Root WebApplicationContext: initialization completed in 1170 ms
2024-09-06T10:45:22.794-05:00  INFO 8432 --- [emazonapi] [main] o.hibernate.jpa.internal.util.LogHelper  : HHH000204: Processing PersistenceUnitInfo [name: default]
2024-09-06T10:45:22.900-05:00  INFO 8432 --- [emazonapi] [main] org.hibernate.Version                    : HHH000412: Hibernate ORM core version 6.5.2.Final
2024-09-06T10:45:22.925-05:00  INFO 8432 --- [emazonapi] [main] o.h.c.internal.RegionFactoryInitiator    : HHH000026: Second-level cache disabled
2024-09-06T10:45:23.173-05:00  INFO 8432 --- [emazonapi] [main] o.s.o.j.p.SpringPersistenceUnitInfo      : No LoadTimeWeaver setup: ignoring JPA class transformer
2024-09-06T10:45:23.191-05:00  INFO 8432 --- [emazonapi] [main] com.zaxxer.hikari.HikariDataSource       : HikariPool-1 - Starting...
2024-09-06T10:45:23.345-05:00  INFO 8432 --- [emazonapi] [main] com.zaxxer.hikari.pool.HikariPool        : HikariPool-1 - Added connection com.mysql.cj.jdbc.ConnectionImpl@1a7d0c9f
2024-09-06T10:45:23.347-05:00  INFO 8432 --- [emazonapi] [main] com.zaxxer.hikari.HikariDataSource       : HikariPool-1 - Start completed.
2024-09-06T10:45:23.375-05:00  WARN 8432 --- [emazonapi] [main] org.hibernate.orm.deprecation            : HHH90000025: MySQL8Dialect does not need to be specified explicitly using 'hibernate.dialect' (remove the property setting and it will be selected by default)
2024-09-06T10:45:23.375-05:00  WARN 8432 --- [emazonapi] [main] org.hibernate.orm.deprecation            : HHH90000026: MySQL8Dialect has been deprecated; use org.hibernate.dialect.MySQLDialect instead
2024-09-06T10:45:24.057-05:00  INFO 8432 --- [emazonapi] [main] o.h.e.t.j.p.i.JtaPlatformInitiator       : HHH000489: No JTA platform available (set 'hibernate.transaction.jta.platform' to enable JTA platform integration)
2024-09-06T10:45:24.105-05:00  INFO 8432 --- [emazonapi] [main] j.LocalContainerEntityManagerFactoryBean : Initialized JPA EntityManagerFactory for persistence unit 'default'
2024-09-06T10:45:24.605-05:00  WARN 8432 --- [emazonapi] [main] JpaBaseConfiguration$JpaWebConfiguration : spring.jpa.open-in-view is enabled by default. Therefore, database queries may be performed during view rendering. Explicitly configure spring.jpa.open-in-view to disable this warning
2024-09-06T10:45:24.750-05:00  INFO 8432 --- [emazonapi] [main] r$InitializeUserDetailsManagerConfigurer : Global AuthenticationManager configured with UserDetailsService bean with name userDetailsService
2024-09-06T10:45:24.854-05:00 DEBUG 8432 --- [emazonapi] [main] s.w.s.m.m.a.RequestMappingHandlerMapping : 17 mappings in 'requestMappingHandlerMapping'
2024-09-06T10:45:24.918-05:00 DEBUG 8432 --- [emazonapi] [main] o.s.w.s.handler.SimpleUrlHandlerMapping  : Patterns [/webjars/**, /**, /swagger-ui*/*swagger-initializer.js, /swagger-ui*/**] in 'resourceHandlerMapping'
2024-09-06T10:45:25.013-05:00 DEBUG 8432 --- [emazonapi] [main] s.w.s.m.m.a.RequestMappingHandlerAdapter : ControllerAdvice beans: 0 @ModelAttribute, 0 @InitBinder, 1 RequestBodyAdvice, 1 ResponseBodyAdvice
2024-09-06T10:45:25.036-05:00 DEBUG 8432 --- [emazonapi] [main] .m.m.a.ExceptionHandlerExceptionResolver : ControllerAdvice beans: 2 @ExceptionHandler, 1 ResponseBodyAdvice
2024-09-06T10:45:25.169-05:00  INFO 8432 --- [emazonapi] [main] o.s.b.w.embedded.tomcat.TomcatWebServer  : Tomcat started on port 8090 (http) with context path '/'
2024-09-06T10:45:25.178-05:00  INFO 8432 --- [emazonapi] [main] c.b.emazonapi.EmazonApiApplication       : Started EmazonApiApplication in 4.18 seconds (process running for 4.449)
2024-09-06T10:45:37.469-05:00  INFO 8432 --- [emazonapi] [http-nio-8090-exec-1] o.a.c.c.C.[Tomcat].[localhost].[/]       : Initializing Spring DispatcherServlet 'dispatcherServlet'
2024-09-06T10:45:37.470-05:00  INFO 8432 --- [emazonapi] [http-nio-8090-exec-1] o.s.web.servlet.DispatcherServlet        : Initializing Servlet 'dispatcherServlet'
2024-09-06T10:45:37.470-05:00 DEBUG 8432 --- [emazonapi] [http-nio-8090-exec-1] o.s.web.servlet.DispatcherServlet        : Detected StandardServletMultipartResolver
2024-09-06T10:45:37.470-05:00 DEBUG 8432 --- [emazonapi] [http-nio-8090-exec-1] o.s.web.servlet.DispatcherServlet        : Detected AcceptHeaderLocaleResolver
2024-09-06T10:45:37.470-05:00 DEBUG 8432 --- [emazonapi] [http-nio-8090-exec-1] o.s.web.servlet.DispatcherServlet        : Detected FixedThemeResolver
2024-09-06T10:45:37.471-05:00 DEBUG 8432 --- [emazonapi] [http-nio-8090-exec-1] o.s.web.servlet.DispatcherServlet        : Detected org.springframework.web.servlet.view.DefaultRequestToViewNameTranslator@5955568
2024-09-06T10:45:37.471-05:00 DEBUG 8432 --- [emazonapi] [http-nio-8090-exec-1] o.s.web.servlet.DispatcherServlet        : Detected org.springframework.web.servlet.support.SessionFlashMapManager@10545d02
2024-09-06T10:45:37.471-05:00 DEBUG 8432 --- [emazonapi] [http-nio-8090-exec-1] o.s.web.servlet.DispatcherServlet        : enableLoggingRequestDetails='false': request parameters and headers will be masked to prevent unsafe logging of potentially sensitive data
2024-09-06T10:45:37.471-05:00  INFO 8432 --- [emazonapi] [http-nio-8090-exec-1] o.s.web.servlet.DispatcherServlet        : Completed initialization in 1 ms
2024-09-06T10:45:45.027-05:00 DEBUG 8432 --- [emazonapi] [http-nio-8090-exec-6] o.s.web.servlet.DispatcherServlet        : GET "/swagger-ui/index.html?continue", parameters={masked}
2024-09-06T10:45:45.029-05:00 DEBUG 8432 --- [emazonapi] [http-nio-8090-exec-6] o.s.w.s.handler.SimpleUrlHandlerMapping  : Mapped to ResourceHttpRequestHandler [classpath [META-INF/resources/webjars/]]
2024-09-06T10:45:45.064-05:00 DEBUG 8432 --- [emazonapi] [http-nio-8090-exec-6] o.s.web.servlet.DispatcherServlet        : Completed 200 OK
2024-09-06T10:45:45.075-05:00 DEBUG 8432 --- [emazonapi] [http-nio-8090-exec-7] o.s.web.servlet.DispatcherServlet        : GET "/swagger-ui/swagger-ui.css", parameters={}
2024-09-06T10:45:45.076-05:00 DEBUG 8432 --- [emazonapi] [http-nio-8090-exec-7] o.s.w.s.handler.SimpleUrlHandlerMapping  : Mapped to ResourceHttpRequestHandler [classpath [META-INF/resources/webjars/]]
2024-09-06T10:45:45.077-05:00 DEBUG 8432 --- [emazonapi] [http-nio-8090-exec-8] o.s.web.servlet.DispatcherServlet        : GET "/swagger-ui/index.css", parameters={}
2024-09-06T10:45:45.078-05:00 DEBUG 8432 --- [emazonapi] [http-nio-8090-exec-8] o.s.w.s.handler.SimpleUrlHandlerMapping  : Mapped to ResourceHttpRequestHandler [classpath [META-INF/resources/webjars/]]
2024-09-06T10:45:45.081-05:00 DEBUG 8432 --- [emazonapi] [http-nio-8090-exec-7] o.s.web.servlet.DispatcherServlet        : Completed 200 OK
2024-09-06T10:45:45.083-05:00 DEBUG 8432 --- [emazonapi] [http-nio-8090-exec-10] o.s.web.servlet.DispatcherServlet        : GET "/swagger-ui/swagger-ui-bundle.js", parameters={}
2024-09-06T10:45:45.084-05:00 DEBUG 8432 --- [emazonapi] [http-nio-8090-exec-8] o.s.web.servlet.DispatcherServlet        : Completed 200 OK
2024-09-06T10:45:45.084-05:00 DEBUG 8432 --- [emazonapi] [http-nio-8090-exec-10] o.s.w.s.handler.SimpleUrlHandlerMapping  : Mapped to ResourceHttpRequestHandler [classpath [META-INF/resources/webjars/]]
2024-09-06T10:45:45.086-05:00 DEBUG 8432 --- [emazonapi] [http-nio-8090-exec-9] o.s.web.servlet.DispatcherServlet        : GET "/swagger-ui/swagger-ui-standalone-preset.js", parameters={}
2024-09-06T10:45:45.086-05:00 DEBUG 8432 --- [emazonapi] [http-nio-8090-exec-7] o.s.web.servlet.DispatcherServlet        : GET "/swagger-ui/swagger-initializer.js", parameters={}
2024-09-06T10:45:45.087-05:00 DEBUG 8432 --- [emazonapi] [http-nio-8090-exec-7] o.s.w.s.handler.SimpleUrlHandlerMapping  : Mapped to ResourceHttpRequestHandler [classpath [META-INF/resources/webjars/]]
2024-09-06T10:45:45.087-05:00 DEBUG 8432 --- [emazonapi] [http-nio-8090-exec-9] o.s.w.s.handler.SimpleUrlHandlerMapping  : Mapped to ResourceHttpRequestHandler [classpath [META-INF/resources/webjars/]]
2024-09-06T10:45:45.094-05:00 DEBUG 8432 --- [emazonapi] [http-nio-8090-exec-9] o.s.web.servlet.DispatcherServlet        : Completed 200 OK
2024-09-06T10:45:45.107-05:00 DEBUG 8432 --- [emazonapi] [http-nio-8090-exec-10] o.s.web.servlet.DispatcherServlet        : Completed 200 OK
2024-09-06T10:45:45.130-05:00 DEBUG 8432 --- [emazonapi] [http-nio-8090-exec-7] o.s.web.servlet.DispatcherServlet        : Completed 200 OK
2024-09-06T10:45:45.174-05:00 DEBUG 8432 --- [emazonapi] [http-nio-8090-exec-3] o.s.web.servlet.DispatcherServlet        : GET "/swagger-ui/favicon-32x32.png", parameters={}
2024-09-06T10:45:45.176-05:00 DEBUG 8432 --- [emazonapi] [http-nio-8090-exec-3] o.s.w.s.handler.SimpleUrlHandlerMapping  : Mapped to ResourceHttpRequestHandler [classpath [META-INF/resources/webjars/]]
2024-09-06T10:45:45.177-05:00 DEBUG 8432 --- [emazonapi] [http-nio-8090-exec-2] o.s.web.servlet.DispatcherServlet        : GET "/v3/api-docs/swagger-config", parameters={}
2024-09-06T10:45:45.178-05:00 DEBUG 8432 --- [emazonapi] [http-nio-8090-exec-2] s.w.s.m.m.a.RequestMappingHandlerMapping : Mapped to org.springdoc.webmvc.ui.SwaggerConfigResource#openapiJson(HttpServletRequest)
2024-09-06T10:45:45.180-05:00 DEBUG 8432 --- [emazonapi] [http-nio-8090-exec-3] o.s.web.servlet.DispatcherServlet        : Completed 200 OK
2024-09-06T10:45:45.199-05:00 DEBUG 8432 --- [emazonapi] [http-nio-8090-exec-2] m.m.a.RequestResponseBodyMethodProcessor : Using 'application/json', given [*/*] and supported [application/json]
2024-09-06T10:45:45.201-05:00 DEBUG 8432 --- [emazonapi] [http-nio-8090-exec-2] m.m.a.RequestResponseBodyMethodProcessor : Writing [{configUrl=/v3/api-docs/swagger-config, oauth2RedirectUrl=http://localhost:8090/swagger-ui/oauth2-re (truncated)...]
2024-09-06T10:45:45.209-05:00 DEBUG 8432 --- [emazonapi] [http-nio-8090-exec-2] o.s.web.servlet.DispatcherServlet        : Completed 200 OK
2024-09-06T10:45:45.220-05:00 DEBUG 8432 --- [emazonapi] [http-nio-8090-exec-4] o.s.web.servlet.DispatcherServlet        : GET "/v3/api-docs", parameters={}
2024-09-06T10:45:45.222-05:00 DEBUG 8432 --- [emazonapi] [http-nio-8090-exec-4] s.w.s.m.m.a.RequestMappingHandlerMapping : Mapped to org.springdoc.webmvc.api.OpenApiWebMvcResource#openapiJson(HttpServletRequest, String, Locale)
2024-09-06T10:45:46.002-05:00  INFO 8432 --- [emazonapi] [http-nio-8090-exec-4] o.springdoc.api.AbstractOpenApiResource  : Init duration for springdoc-openapi is: 764 ms
2024-09-06T10:45:46.059-05:00 DEBUG 8432 --- [emazonapi] [http-nio-8090-exec-4] m.m.a.RequestResponseBodyMethodProcessor : Using 'application/json', given [application/json, */*] and supported [application/json]
2024-09-06T10:45:46.065-05:00 DEBUG 8432 --- [emazonapi] [http-nio-8090-exec-4] m.m.a.RequestResponseBodyMethodProcessor : Writing [{123, 34, 111, 112, 101, 110, 97, 112, 105, 34, 58, 34, 51, 46, 48, 46, 49, 34, 44, 34, 105, 110, 10 (truncated)...]
2024-09-06T10:45:46.068-05:00 DEBUG 8432 --- [emazonapi] [http-nio-8090-exec-4] o.s.web.servlet.DispatcherServlet        : Completed 200 OK
2024-09-06T10:46:38.977-05:00 DEBUG 8432 --- [emazonapi] [http-nio-8090-exec-5] o.s.web.servlet.DispatcherServlet        : POST "/users/register", parameters={}
2024-09-06T10:46:38.982-05:00 DEBUG 8432 --- [emazonapi] [http-nio-8090-exec-5] s.w.s.m.m.a.RequestMappingHandlerMapping : Mapped to com.bootcamp.emazonapi.driving.controller.UserController#registrarUsuario(RegistroRequest)
2024-09-06T10:46:39.152-05:00 DEBUG 8432 --- [emazonapi] [http-nio-8090-exec-5] m.m.a.RequestResponseBodyMethodProcessor : Read "application/json;charset=UTF-8" to [RegistroRequest(nombre=Santiago, apellido=Gomez, documentoDeIdentidad=0551521466896, celular=5951484 (truncated)...]
2024-09-06T10:46:39.364-05:00 DEBUG 8432 --- [emazonapi] [http-nio-8090-exec-5] o.s.w.s.m.m.a.HttpEntityMethodProcessor  : Using 'application/json', given [*/*] and supported [application/json, application/*+json]
2024-09-06T10:46:39.366-05:00 DEBUG 8432 --- [emazonapi] [http-nio-8090-exec-5] o.s.w.s.m.m.a.HttpEntityMethodProcessor  : Writing [RegistroResponse(id=null, nombre=Santiago, apellido=Gomez, documentoDeIdentidad=0551521466896, celul (truncated)...]
2024-09-06T10:46:39.368-05:00 DEBUG 8432 --- [emazonapi] [http-nio-8090-exec-5] o.s.web.servlet.DispatcherServlet        : Completed 200 OK
2024-09-06T11:23:59.343-05:00  INFO 7864 --- [emazonapi] [main] c.b.emazonapi.EmazonApiApplication       : Starting EmazonApiApplication using Java 21.0.2 with PID 7864 (C:\Universidad\bootcamp Pragma\emazonAPI\build\classes\java\main started by eldan in C:\Universidad\bootcamp Pragma\emazonAPI)
2024-09-06T11:23:59.345-05:00  INFO 7864 --- [emazonapi] [main] c.b.emazonapi.EmazonApiApplication       : No active profile set, falling back to 1 default profile: "default"
2024-09-06T11:23:59.972-05:00  INFO 7864 --- [emazonapi] [main] .s.d.r.c.RepositoryConfigurationDelegate : Bootstrapping Spring Data JPA repositories in DEFAULT mode.
2024-09-06T11:24:00.040-05:00  INFO 7864 --- [emazonapi] [main] .s.d.r.c.RepositoryConfigurationDelegate : Finished Spring Data repository scanning in 61 ms. Found 5 JPA repository interfaces.
2024-09-06T11:24:00.502-05:00  INFO 7864 --- [emazonapi] [main] o.s.b.w.embedded.tomcat.TomcatWebServer  : Tomcat initialized with port 8090 (http)
2024-09-06T11:24:00.511-05:00  INFO 7864 --- [emazonapi] [main] o.apache.catalina.core.StandardService   : Starting service [Tomcat]
2024-09-06T11:24:00.511-05:00  INFO 7864 --- [emazonapi] [main] o.apache.catalina.core.StandardEngine    : Starting Servlet engine: [Apache Tomcat/10.1.26]
2024-09-06T11:24:00.571-05:00  INFO 7864 --- [emazonapi] [main] o.a.c.c.C.[Tomcat].[localhost].[/]       : Initializing Spring embedded WebApplicationContext
2024-09-06T11:24:00.572-05:00  INFO 7864 --- [emazonapi] [main] w.s.c.ServletWebServerApplicationContext : Root WebApplicationContext: initialization completed in 1189 ms
2024-09-06T11:24:00.840-05:00  INFO 7864 --- [emazonapi] [main] o.hibernate.jpa.internal.util.LogHelper  : HHH000204: Processing PersistenceUnitInfo [name: default]
2024-09-06T11:24:00.971-05:00  INFO 7864 --- [emazonapi] [main] org.hibernate.Version                    : HHH000412: Hibernate ORM core version 6.5.2.Final
2024-09-06T11:24:01.006-05:00  INFO 7864 --- [emazonapi] [main] o.h.c.internal.RegionFactoryInitiator    : HHH000026: Second-level cache disabled
2024-09-06T11:24:01.255-05:00  INFO 7864 --- [emazonapi] [main] o.s.o.j.p.SpringPersistenceUnitInfo      : No LoadTimeWeaver setup: ignoring JPA class transformer
2024-09-06T11:24:01.273-05:00  INFO 7864 --- [emazonapi] [main] com.zaxxer.hikari.HikariDataSource       : HikariPool-1 - Starting...
2024-09-06T11:24:01.410-05:00  INFO 7864 --- [emazonapi] [main] com.zaxxer.hikari.pool.HikariPool        : HikariPool-1 - Added connection com.mysql.cj.jdbc.ConnectionImpl@222d9d4f
2024-09-06T11:24:01.411-05:00  INFO 7864 --- [emazonapi] [main] com.zaxxer.hikari.HikariDataSource       : HikariPool-1 - Start completed.
2024-09-06T11:24:01.438-05:00  WARN 7864 --- [emazonapi] [main] org.hibernate.orm.deprecation            : HHH90000025: MySQL8Dialect does not need to be specified explicitly using 'hibernate.dialect' (remove the property setting and it will be selected by default)
2024-09-06T11:24:01.439-05:00  WARN 7864 --- [emazonapi] [main] org.hibernate.orm.deprecation            : HHH90000026: MySQL8Dialect has been deprecated; use org.hibernate.dialect.MySQLDialect instead
2024-09-06T11:24:02.096-05:00  INFO 7864 --- [emazonapi] [main] o.h.e.t.j.p.i.JtaPlatformInitiator       : HHH000489: No JTA platform available (set 'hibernate.transaction.jta.platform' to enable JTA platform integration)
2024-09-06T11:24:02.180-05:00  INFO 7864 --- [emazonapi] [main] j.LocalContainerEntityManagerFactoryBean : Initialized JPA EntityManagerFactory for persistence unit 'default'
2024-09-06T11:24:02.481-05:00  WARN 7864 --- [emazonapi] [main] ConfigServletWebServerApplicationContext : Exception encountered during context initialization - cancelling refresh attempt: org.springframework.beans.factory.UnsatisfiedDependencyException: Error creating bean with name 'configuracionBeans' defined in file [C:\Universidad\bootcamp Pragma\emazonAPI\build\classes\java\main\com\bootcamp\emazonapi\config\ConfiguracionBeans.class]: Unsatisfied dependency expressed through constructor parameter 8: Error creating bean with name 'configuracionSeguridad' defined in file [C:\Universidad\bootcamp Pragma\emazonAPI\build\classes\java\main\com\bootcamp\emazonapi\config\security\ConfiguracionSeguridad.class]: Unsatisfied dependency expressed through constructor parameter 1: No qualifying bean of type 'java.lang.String' available: expected at least 1 bean which qualifies as autowire candidate. Dependency annotations: {}
2024-09-06T11:24:02.481-05:00  INFO 7864 --- [emazonapi] [main] j.LocalContainerEntityManagerFactoryBean : Closing JPA EntityManagerFactory for persistence unit 'default'
2024-09-06T11:24:02.484-05:00  INFO 7864 --- [emazonapi] [main] com.zaxxer.hikari.HikariDataSource       : HikariPool-1 - Shutdown initiated...
2024-09-06T11:24:02.493-05:00  INFO 7864 --- [emazonapi] [main] com.zaxxer.hikari.HikariDataSource       : HikariPool-1 - Shutdown completed.
2024-09-06T11:24:02.496-05:00  INFO 7864 --- [emazonapi] [main] o.apache.catalina.core.StandardService   : Stopping service [Tomcat]
2024-09-06T11:24:02.510-05:00  INFO 7864 --- [emazonapi] [main] .s.b.a.l.ConditionEvaluationReportLogger : 

Error starting ApplicationContext. To display the condition evaluation report re-run your application with 'debug' enabled.
2024-09-06T11:24:02.560-05:00 ERROR 7864 --- [emazonapi] [main] o.s.b.d.LoggingFailureAnalysisReporter   : 

***************************
APPLICATION FAILED TO START
***************************

Description:

Parameter 1 of constructor in com.bootcamp.emazonapi.config.security.ConfiguracionSeguridad required a bean of type 'java.lang.String' that could not be found.


Action:

Consider defining a bean of type 'java.lang.String' in your configuration.

2024-09-06T11:25:30.805-05:00  INFO 26588 --- [emazonapi] [main] c.b.emazonapi.EmazonApiApplication       : Starting EmazonApiApplication using Java 21.0.2 with PID 26588 (C:\Universidad\bootcamp Pragma\emazonAPI\build\classes\java\main started by eldan in C:\Universidad\bootcamp Pragma\emazonAPI)
2024-09-06T11:25:30.808-05:00  INFO 26588 --- [emazonapi] [main] c.b.emazonapi.EmazonApiApplication       : No active profile set, falling back to 1 default profile: "default"
2024-09-06T11:25:31.471-05:00  INFO 26588 --- [emazonapi] [main] .s.d.r.c.RepositoryConfigurationDelegate : Bootstrapping Spring Data JPA repositories in DEFAULT mode.
2024-09-06T11:25:31.534-05:00  INFO 26588 --- [emazonapi] [main] .s.d.r.c.RepositoryConfigurationDelegate : Finished Spring Data repository scanning in 55 ms. Found 5 JPA repository interfaces.
2024-09-06T11:25:31.995-05:00  INFO 26588 --- [emazonapi] [main] o.s.b.w.embedded.tomcat.TomcatWebServer  : Tomcat initialized with port 8090 (http)
2024-09-06T11:25:32.004-05:00  INFO 26588 --- [emazonapi] [main] o.apache.catalina.core.StandardService   : Starting service [Tomcat]
2024-09-06T11:25:32.005-05:00  INFO 26588 --- [emazonapi] [main] o.apache.catalina.core.StandardEngine    : Starting Servlet engine: [Apache Tomcat/10.1.26]
2024-09-06T11:25:32.069-05:00  INFO 26588 --- [emazonapi] [main] o.a.c.c.C.[Tomcat].[localhost].[/]       : Initializing Spring embedded WebApplicationContext
2024-09-06T11:25:32.069-05:00  INFO 26588 --- [emazonapi] [main] w.s.c.ServletWebServerApplicationContext : Root WebApplicationContext: initialization completed in 1225 ms
2024-09-06T11:25:32.338-05:00  INFO 26588 --- [emazonapi] [main] o.hibernate.jpa.internal.util.LogHelper  : HHH000204: Processing PersistenceUnitInfo [name: default]
2024-09-06T11:25:32.445-05:00  INFO 26588 --- [emazonapi] [main] org.hibernate.Version                    : HHH000412: Hibernate ORM core version 6.5.2.Final
2024-09-06T11:25:32.470-05:00  INFO 26588 --- [emazonapi] [main] o.h.c.internal.RegionFactoryInitiator    : HHH000026: Second-level cache disabled
2024-09-06T11:25:32.712-05:00  INFO 26588 --- [emazonapi] [main] o.s.o.j.p.SpringPersistenceUnitInfo      : No LoadTimeWeaver setup: ignoring JPA class transformer
2024-09-06T11:25:32.731-05:00  INFO 26588 --- [emazonapi] [main] com.zaxxer.hikari.HikariDataSource       : HikariPool-1 - Starting...
2024-09-06T11:25:32.839-05:00  INFO 26588 --- [emazonapi] [main] com.zaxxer.hikari.pool.HikariPool        : HikariPool-1 - Added connection com.mysql.cj.jdbc.ConnectionImpl@11bdab37
2024-09-06T11:25:32.840-05:00  INFO 26588 --- [emazonapi] [main] com.zaxxer.hikari.HikariDataSource       : HikariPool-1 - Start completed.
2024-09-06T11:25:32.866-05:00  WARN 26588 --- [emazonapi] [main] org.hibernate.orm.deprecation            : HHH90000025: MySQL8Dialect does not need to be specified explicitly using 'hibernate.dialect' (remove the property setting and it will be selected by default)
2024-09-06T11:25:32.866-05:00  WARN 26588 --- [emazonapi] [main] org.hibernate.orm.deprecation            : HHH90000026: MySQL8Dialect has been deprecated; use org.hibernate.dialect.MySQLDialect instead
2024-09-06T11:25:33.519-05:00  INFO 26588 --- [emazonapi] [main] o.h.e.t.j.p.i.JtaPlatformInitiator       : HHH000489: No JTA platform available (set 'hibernate.transaction.jta.platform' to enable JTA platform integration)
2024-09-06T11:25:33.571-05:00  INFO 26588 --- [emazonapi] [main] j.LocalContainerEntityManagerFactoryBean : Initialized JPA EntityManagerFactory for persistence unit 'default'
2024-09-06T11:25:34.022-05:00  WARN 26588 --- [emazonapi] [main] JpaBaseConfiguration$JpaWebConfiguration : spring.jpa.open-in-view is enabled by default. Therefore, database queries may be performed during view rendering. Explicitly configure spring.jpa.open-in-view to disable this warning
2024-09-06T11:25:34.161-05:00  INFO 26588 --- [emazonapi] [main] r$InitializeUserDetailsManagerConfigurer : Global AuthenticationManager configured with UserDetailsService bean with name userDetailsService
2024-09-06T11:25:34.273-05:00 DEBUG 26588 --- [emazonapi] [main] s.w.s.m.m.a.RequestMappingHandlerMapping : 17 mappings in 'requestMappingHandlerMapping'
2024-09-06T11:25:34.341-05:00 DEBUG 26588 --- [emazonapi] [main] o.s.w.s.handler.SimpleUrlHandlerMapping  : Patterns [/webjars/**, /**, /swagger-ui*/*swagger-initializer.js, /swagger-ui*/**] in 'resourceHandlerMapping'
2024-09-06T11:25:34.426-05:00 DEBUG 26588 --- [emazonapi] [main] s.w.s.m.m.a.RequestMappingHandlerAdapter : ControllerAdvice beans: 0 @ModelAttribute, 0 @InitBinder, 1 RequestBodyAdvice, 1 ResponseBodyAdvice
2024-09-06T11:25:34.450-05:00  WARN 26588 --- [emazonapi] [main] ConfigServletWebServerApplicationContext : Exception encountered during context initialization - cancelling refresh attempt: org.springframework.beans.factory.BeanCreationException: Error creating bean with name 'handlerExceptionResolver' defined in class path resource [org/springframework/boot/autoconfigure/web/servlet/WebMvcAutoConfiguration$EnableWebMvcConfiguration.class]: Failed to instantiate [org.springframework.web.servlet.HandlerExceptionResolver]: Factory method 'handlerExceptionResolver' threw exception with message: Ambiguous @ExceptionHandler method mapped for [class com.bootcamp.emazonapi.domain.exception.LimitExceededException]: {public org.springframework.http.ResponseEntity com.bootcamp.emazonapi.config.exceptionhandler.ControllerAdvisor.handleLimitExceededException(com.bootcamp.emazonapi.domain.exception.LimitExceededException), public org.springframework.http.ResponseEntity com.bootcamp.emazonapi.config.exceptionhandler.ControllerAdvisor.handleCharlimitException(com.bootcamp.emazonapi.domain.exception.LimitExceededException)}
2024-09-06T11:25:34.451-05:00  INFO 26588 --- [emazonapi] [main] j.LocalContainerEntityManagerFactoryBean : Closing JPA EntityManagerFactory for persistence unit 'default'
2024-09-06T11:25:34.452-05:00  INFO 26588 --- [emazonapi] [main] com.zaxxer.hikari.HikariDataSource       : HikariPool-1 - Shutdown initiated...
2024-09-06T11:25:34.457-05:00  INFO 26588 --- [emazonapi] [main] com.zaxxer.hikari.HikariDataSource       : HikariPool-1 - Shutdown completed.
2024-09-06T11:25:34.459-05:00  INFO 26588 --- [emazonapi] [main] o.apache.catalina.core.StandardService   : Stopping service [Tomcat]
2024-09-06T11:25:34.467-05:00  INFO 26588 --- [emazonapi] [main] .s.b.a.l.ConditionEvaluationReportLogger : 

Error starting ApplicationContext. To display the condition evaluation report re-run your application with 'debug' enabled.
2024-09-06T11:25:34.479-05:00 ERROR 26588 --- [emazonapi] [main] o.s.boot.SpringApplication               : Application run failed

org.springframework.beans.factory.BeanCreationException: Error creating bean with name 'handlerExceptionResolver' defined in class path resource [org/springframework/boot/autoconfigure/web/servlet/WebMvcAutoConfiguration$EnableWebMvcConfiguration.class]: Failed to instantiate [org.springframework.web.servlet.HandlerExceptionResolver]: Factory method 'handlerExceptionResolver' threw exception with message: Ambiguous @ExceptionHandler method mapped for [class com.bootcamp.emazonapi.domain.exception.LimitExceededException]: {public org.springframework.http.ResponseEntity com.bootcamp.emazonapi.config.exceptionhandler.ControllerAdvisor.handleLimitExceededException(com.bootcamp.emazonapi.domain.exception.LimitExceededException), public org.springframework.http.ResponseEntity com.bootcamp.emazonapi.config.exceptionhandler.ControllerAdvisor.handleCharlimitException(com.bootcamp.emazonapi.domain.exception.LimitExceededException)}
	at org.springframework.beans.factory.support.ConstructorResolver.instantiate(ConstructorResolver.java:648) ~[spring-beans-6.1.11.jar:6.1.11]
	at org.springframework.beans.factory.support.ConstructorResolver.instantiateUsingFactoryMethod(ConstructorResolver.java:636) ~[spring-beans-6.1.11.jar:6.1.11]
	at org.springframework.beans.factory.support.AbstractAutowireCapableBeanFactory.instantiateUsingFactoryMethod(AbstractAutowireCapableBeanFactory.java:1355) ~[spring-beans-6.1.11.jar:6.1.11]
	at org.springframework.beans.factory.support.AbstractAutowireCapableBeanFactory.createBeanInstance(AbstractAutowireCapableBeanFactory.java:1185) ~[spring-beans-6.1.11.jar:6.1.11]
	at org.springframework.beans.factory.support.AbstractAutowireCapableBeanFactory.doCreateBean(AbstractAutowireCapableBeanFactory.java:562) ~[spring-beans-6.1.11.jar:6.1.11]
	at org.springframework.beans.factory.support.AbstractAutowireCapableBeanFactory.createBean(AbstractAutowireCapableBeanFactory.java:522) ~[spring-beans-6.1.11.jar:6.1.11]
	at org.springframework.beans.factory.support.AbstractBeanFactory.lambda$doGetBean$0(AbstractBeanFactory.java:337) ~[spring-beans-6.1.11.jar:6.1.11]
	at org.springframework.beans.factory.support.DefaultSingletonBeanRegistry.getSingleton(DefaultSingletonBeanRegistry.java:234) ~[spring-beans-6.1.11.jar:6.1.11]
	at org.springframework.beans.factory.support.AbstractBeanFactory.doGetBean(AbstractBeanFactory.java:335) ~[spring-beans-6.1.11.jar:6.1.11]
	at org.springframework.beans.factory.support.AbstractBeanFactory.getBean(AbstractBeanFactory.java:200) ~[spring-beans-6.1.11.jar:6.1.11]
	at org.springframework.beans.factory.support.DefaultListableBeanFactory.preInstantiateSingletons(DefaultListableBeanFactory.java:975) ~[spring-beans-6.1.11.jar:6.1.11]
	at org.springframework.context.support.AbstractApplicationContext.finishBeanFactoryInitialization(AbstractApplicationContext.java:971) ~[spring-context-6.1.11.jar:6.1.11]
	at org.springframework.context.support.AbstractApplicationContext.refresh(AbstractApplicationContext.java:625) ~[spring-context-6.1.11.jar:6.1.11]
	at org.springframework.boot.web.servlet.context.ServletWebServerApplicationContext.refresh(ServletWebServerApplicationContext.java:146) ~[spring-boot-3.3.2.jar:3.3.2]
	at org.springframework.boot.SpringApplication.refresh(SpringApplication.java:754) ~[spring-boot-3.3.2.jar:3.3.2]
	at org.springframework.boot.SpringApplication.refreshContext(SpringApplication.java:456) ~[spring-boot-3.3.2.jar:3.3.2]
	at org.springframework.boot.SpringApplication.run(SpringApplication.java:335) ~[spring-boot-3.3.2.jar:3.3.2]
	at org.springframework.boot.SpringApplication.run(SpringApplication.java:1363) ~[spring-boot-3.3.2.jar:3.3.2]
	at org.springframework.boot.SpringApplication.run(SpringApplication.java:1352) ~[spring-boot-3.3.2.jar:3.3.2]
	at com.bootcamp.emazonapi.EmazonApiApplication.main(EmazonApiApplication.java:10) ~[main/:na]
Caused by: org.springframework.beans.BeanInstantiationException: Failed to instantiate [org.springframework.web.servlet.HandlerExceptionResolver]: Factory method 'handlerExceptionResolver' threw exception with message: Ambiguous @ExceptionHandler method mapped for [class com.bootcamp.emazonapi.domain.exception.LimitExceededException]: {public org.springframework.http.ResponseEntity com.bootcamp.emazonapi.config.exceptionhandler.ControllerAdvisor.handleLimitExceededException(com.bootcamp.emazonapi.domain.exception.LimitExceededException), public org.springframework.http.ResponseEntity com.bootcamp.emazonapi.config.exceptionhandler.ControllerAdvisor.handleCharlimitException(com.bootcamp.emazonapi.domain.exception.LimitExceededException)}
	at org.springframework.beans.factory.support.SimpleInstantiationStrategy.instantiate(SimpleInstantiationStrategy.java:178) ~[spring-beans-6.1.11.jar:6.1.11]
	at org.springframework.beans.factory.support.ConstructorResolver.instantiate(ConstructorResolver.java:644) ~[spring-beans-6.1.11.jar:6.1.11]
	... 19 common frames omitted
Caused by: java.lang.IllegalStateException: Ambiguous @ExceptionHandler method mapped for [class com.bootcamp.emazonapi.domain.exception.LimitExceededException]: {public org.springframework.http.ResponseEntity com.bootcamp.emazonapi.config.exceptionhandler.ControllerAdvisor.handleLimitExceededException(com.bootcamp.emazonapi.domain.exception.LimitExceededException), public org.springframework.http.ResponseEntity com.bootcamp.emazonapi.config.exceptionhandler.ControllerAdvisor.handleCharlimitException(com.bootcamp.emazonapi.domain.exception.LimitExceededException)}
	at org.springframework.web.method.annotation.ExceptionHandlerMethodResolver.addExceptionMapping(ExceptionHandlerMethodResolver.java:114) ~[spring-web-6.1.11.jar:6.1.11]
	at org.springframework.web.method.annotation.ExceptionHandlerMethodResolver.<init>(ExceptionHandlerMethodResolver.java:78) ~[spring-web-6.1.11.jar:6.1.11]
	at org.springframework.web.servlet.mvc.method.annotation.ExceptionHandlerExceptionResolver.initExceptionHandlerAdviceCache(ExceptionHandlerExceptionResolver.java:289) ~[spring-webmvc-6.1.11.jar:6.1.11]
	at org.springframework.web.servlet.mvc.method.annotation.ExceptionHandlerExceptionResolver.afterPropertiesSet(ExceptionHandlerExceptionResolver.java:256) ~[spring-webmvc-6.1.11.jar:6.1.11]
	at org.springframework.web.servlet.config.annotation.WebMvcConfigurationSupport.addDefaultHandlerExceptionResolvers(WebMvcConfigurationSupport.java:1063) ~[spring-webmvc-6.1.11.jar:6.1.11]
	at org.springframework.web.servlet.config.annotation.WebMvcConfigurationSupport.handlerExceptionResolver(WebMvcConfigurationSupport.java:1005) ~[spring-webmvc-6.1.11.jar:6.1.11]
	at java.base/jdk.internal.reflect.DirectMethodHandleAccessor.invoke(DirectMethodHandleAccessor.java:103) ~[na:na]
	at java.base/java.lang.reflect.Method.invoke(Method.java:580) ~[na:na]
	at org.springframework.beans.factory.support.SimpleInstantiationStrategy.instantiate(SimpleInstantiationStrategy.java:146) ~[spring-beans-6.1.11.jar:6.1.11]
	... 20 common frames omitted

2024-09-06T11:27:26.580-05:00  INFO 21600 --- [emazonapi] [main] c.b.emazonapi.EmazonApiApplication       : Starting EmazonApiApplication using Java 21.0.2 with PID 21600 (C:\Universidad\bootcamp Pragma\emazonAPI\build\classes\java\main started by eldan in C:\Universidad\bootcamp Pragma\emazonAPI)
2024-09-06T11:27:26.582-05:00  INFO 21600 --- [emazonapi] [main] c.b.emazonapi.EmazonApiApplication       : No active profile set, falling back to 1 default profile: "default"
2024-09-06T11:27:27.201-05:00  INFO 21600 --- [emazonapi] [main] .s.d.r.c.RepositoryConfigurationDelegate : Bootstrapping Spring Data JPA repositories in DEFAULT mode.
2024-09-06T11:27:27.268-05:00  INFO 21600 --- [emazonapi] [main] .s.d.r.c.RepositoryConfigurationDelegate : Finished Spring Data repository scanning in 60 ms. Found 5 JPA repository interfaces.
2024-09-06T11:27:27.794-05:00  INFO 21600 --- [emazonapi] [main] o.s.b.w.embedded.tomcat.TomcatWebServer  : Tomcat initialized with port 8090 (http)
2024-09-06T11:27:27.803-05:00  INFO 21600 --- [emazonapi] [main] o.apache.catalina.core.StandardService   : Starting service [Tomcat]
2024-09-06T11:27:27.804-05:00  INFO 21600 --- [emazonapi] [main] o.apache.catalina.core.StandardEngine    : Starting Servlet engine: [Apache Tomcat/10.1.26]
2024-09-06T11:27:27.855-05:00  INFO 21600 --- [emazonapi] [main] o.a.c.c.C.[Tomcat].[localhost].[/]       : Initializing Spring embedded WebApplicationContext
2024-09-06T11:27:27.856-05:00  INFO 21600 --- [emazonapi] [main] w.s.c.ServletWebServerApplicationContext : Root WebApplicationContext: initialization completed in 1235 ms
2024-09-06T11:27:28.149-05:00  INFO 21600 --- [emazonapi] [main] o.hibernate.jpa.internal.util.LogHelper  : HHH000204: Processing PersistenceUnitInfo [name: default]
2024-09-06T11:27:28.298-05:00  INFO 21600 --- [emazonapi] [main] org.hibernate.Version                    : HHH000412: Hibernate ORM core version 6.5.2.Final
2024-09-06T11:27:28.326-05:00  INFO 21600 --- [emazonapi] [main] o.h.c.internal.RegionFactoryInitiator    : HHH000026: Second-level cache disabled
2024-09-06T11:27:28.569-05:00  INFO 21600 --- [emazonapi] [main] o.s.o.j.p.SpringPersistenceUnitInfo      : No LoadTimeWeaver setup: ignoring JPA class transformer
2024-09-06T11:27:28.588-05:00  INFO 21600 --- [emazonapi] [main] com.zaxxer.hikari.HikariDataSource       : HikariPool-1 - Starting...
2024-09-06T11:27:28.705-05:00  INFO 21600 --- [emazonapi] [main] com.zaxxer.hikari.pool.HikariPool        : HikariPool-1 - Added connection com.mysql.cj.jdbc.ConnectionImpl@222d9d4f
2024-09-06T11:27:28.706-05:00  INFO 21600 --- [emazonapi] [main] com.zaxxer.hikari.HikariDataSource       : HikariPool-1 - Start completed.
2024-09-06T11:27:28.735-05:00  WARN 21600 --- [emazonapi] [main] org.hibernate.orm.deprecation            : HHH90000025: MySQL8Dialect does not need to be specified explicitly using 'hibernate.dialect' (remove the property setting and it will be selected by default)
2024-09-06T11:27:28.735-05:00  WARN 21600 --- [emazonapi] [main] org.hibernate.orm.deprecation            : HHH90000026: MySQL8Dialect has been deprecated; use org.hibernate.dialect.MySQLDialect instead
2024-09-06T11:27:29.398-05:00  INFO 21600 --- [emazonapi] [main] o.h.e.t.j.p.i.JtaPlatformInitiator       : HHH000489: No JTA platform available (set 'hibernate.transaction.jta.platform' to enable JTA platform integration)
2024-09-06T11:27:29.475-05:00  INFO 21600 --- [emazonapi] [main] j.LocalContainerEntityManagerFactoryBean : Initialized JPA EntityManagerFactory for persistence unit 'default'
2024-09-06T11:27:29.868-05:00  WARN 21600 --- [emazonapi] [main] JpaBaseConfiguration$JpaWebConfiguration : spring.jpa.open-in-view is enabled by default. Therefore, database queries may be performed during view rendering. Explicitly configure spring.jpa.open-in-view to disable this warning
2024-09-06T11:27:30.017-05:00  INFO 21600 --- [emazonapi] [main] r$InitializeUserDetailsManagerConfigurer : Global AuthenticationManager configured with UserDetailsService bean with name userDetailsService
2024-09-06T11:27:30.144-05:00 DEBUG 21600 --- [emazonapi] [main] s.w.s.m.m.a.RequestMappingHandlerMapping : 17 mappings in 'requestMappingHandlerMapping'
2024-09-06T11:27:30.238-05:00 DEBUG 21600 --- [emazonapi] [main] o.s.w.s.handler.SimpleUrlHandlerMapping  : Patterns [/webjars/**, /**, /swagger-ui*/*swagger-initializer.js, /swagger-ui*/**] in 'resourceHandlerMapping'
2024-09-06T11:27:30.435-05:00 DEBUG 21600 --- [emazonapi] [main] s.w.s.m.m.a.RequestMappingHandlerAdapter : ControllerAdvice beans: 0 @ModelAttribute, 0 @InitBinder, 1 RequestBodyAdvice, 1 ResponseBodyAdvice
2024-09-06T11:27:30.479-05:00 DEBUG 21600 --- [emazonapi] [main] .m.m.a.ExceptionHandlerExceptionResolver : ControllerAdvice beans: 2 @ExceptionHandler, 1 ResponseBodyAdvice
2024-09-06T11:27:30.685-05:00  INFO 21600 --- [emazonapi] [main] o.s.b.w.embedded.tomcat.TomcatWebServer  : Tomcat started on port 8090 (http) with context path '/'
2024-09-06T11:27:30.693-05:00  INFO 21600 --- [emazonapi] [main] c.b.emazonapi.EmazonApiApplication       : Started EmazonApiApplication in 4.45 seconds (process running for 4.736)
2024-09-06T11:28:43.982-05:00  INFO 2116 --- [emazonapi] [main] c.b.emazonapi.EmazonApiApplication       : Starting EmazonApiApplication using Java 21.0.2 with PID 2116 (C:\Universidad\bootcamp Pragma\emazonAPI\build\classes\java\main started by eldan in C:\Universidad\bootcamp Pragma\emazonAPI)
2024-09-06T11:28:43.984-05:00  INFO 2116 --- [emazonapi] [main] c.b.emazonapi.EmazonApiApplication       : No active profile set, falling back to 1 default profile: "default"
2024-09-06T11:28:44.605-05:00  INFO 2116 --- [emazonapi] [main] .s.d.r.c.RepositoryConfigurationDelegate : Bootstrapping Spring Data JPA repositories in DEFAULT mode.
2024-09-06T11:28:44.667-05:00  INFO 2116 --- [emazonapi] [main] .s.d.r.c.RepositoryConfigurationDelegate : Finished Spring Data repository scanning in 55 ms. Found 5 JPA repository interfaces.
2024-09-06T11:28:45.152-05:00  INFO 2116 --- [emazonapi] [main] o.s.b.w.embedded.tomcat.TomcatWebServer  : Tomcat initialized with port 8090 (http)
2024-09-06T11:28:45.161-05:00  INFO 2116 --- [emazonapi] [main] o.apache.catalina.core.StandardService   : Starting service [Tomcat]
2024-09-06T11:28:45.161-05:00  INFO 2116 --- [emazonapi] [main] o.apache.catalina.core.StandardEngine    : Starting Servlet engine: [Apache Tomcat/10.1.26]
2024-09-06T11:28:45.217-05:00  INFO 2116 --- [emazonapi] [main] o.a.c.c.C.[Tomcat].[localhost].[/]       : Initializing Spring embedded WebApplicationContext
2024-09-06T11:28:45.218-05:00  INFO 2116 --- [emazonapi] [main] w.s.c.ServletWebServerApplicationContext : Root WebApplicationContext: initialization completed in 1195 ms
2024-09-06T11:28:45.471-05:00  INFO 2116 --- [emazonapi] [main] o.hibernate.jpa.internal.util.LogHelper  : HHH000204: Processing PersistenceUnitInfo [name: default]
2024-09-06T11:28:45.561-05:00  INFO 2116 --- [emazonapi] [main] org.hibernate.Version                    : HHH000412: Hibernate ORM core version 6.5.2.Final
2024-09-06T11:28:45.603-05:00  INFO 2116 --- [emazonapi] [main] o.h.c.internal.RegionFactoryInitiator    : HHH000026: Second-level cache disabled
2024-09-06T11:28:45.850-05:00  INFO 2116 --- [emazonapi] [main] o.s.o.j.p.SpringPersistenceUnitInfo      : No LoadTimeWeaver setup: ignoring JPA class transformer
2024-09-06T11:28:45.867-05:00  INFO 2116 --- [emazonapi] [main] com.zaxxer.hikari.HikariDataSource       : HikariPool-1 - Starting...
2024-09-06T11:28:45.989-05:00  INFO 2116 --- [emazonapi] [main] com.zaxxer.hikari.pool.HikariPool        : HikariPool-1 - Added connection com.mysql.cj.jdbc.ConnectionImpl@222d9d4f
2024-09-06T11:28:45.990-05:00  INFO 2116 --- [emazonapi] [main] com.zaxxer.hikari.HikariDataSource       : HikariPool-1 - Start completed.
2024-09-06T11:28:46.018-05:00  WARN 2116 --- [emazonapi] [main] org.hibernate.orm.deprecation            : HHH90000025: MySQL8Dialect does not need to be specified explicitly using 'hibernate.dialect' (remove the property setting and it will be selected by default)
2024-09-06T11:28:46.019-05:00  WARN 2116 --- [emazonapi] [main] org.hibernate.orm.deprecation            : HHH90000026: MySQL8Dialect has been deprecated; use org.hibernate.dialect.MySQLDialect instead
2024-09-06T11:28:46.653-05:00  INFO 2116 --- [emazonapi] [main] o.h.e.t.j.p.i.JtaPlatformInitiator       : HHH000489: No JTA platform available (set 'hibernate.transaction.jta.platform' to enable JTA platform integration)
2024-09-06T11:28:46.757-05:00  INFO 2116 --- [emazonapi] [main] j.LocalContainerEntityManagerFactoryBean : Initialized JPA EntityManagerFactory for persistence unit 'default'
2024-09-06T11:28:47.016-05:00  WARN 2116 --- [emazonapi] [main] ConfigServletWebServerApplicationContext : Exception encountered during context initialization - cancelling refresh attempt: org.springframework.beans.factory.UnsatisfiedDependencyException: Error creating bean with name 'configuracionBeans' defined in file [C:\Universidad\bootcamp Pragma\emazonAPI\build\classes\java\main\com\bootcamp\emazonapi\config\ConfiguracionBeans.class]: Unsatisfied dependency expressed through constructor parameter 8: No qualifying bean of type 'org.springframework.security.crypto.password.PasswordEncoder' available: expected at least 1 bean which qualifies as autowire candidate. Dependency annotations: {}
2024-09-06T11:28:47.016-05:00  INFO 2116 --- [emazonapi] [main] j.LocalContainerEntityManagerFactoryBean : Closing JPA EntityManagerFactory for persistence unit 'default'
2024-09-06T11:28:47.018-05:00  INFO 2116 --- [emazonapi] [main] com.zaxxer.hikari.HikariDataSource       : HikariPool-1 - Shutdown initiated...
2024-09-06T11:28:47.024-05:00  INFO 2116 --- [emazonapi] [main] com.zaxxer.hikari.HikariDataSource       : HikariPool-1 - Shutdown completed.
2024-09-06T11:28:47.026-05:00  INFO 2116 --- [emazonapi] [main] o.apache.catalina.core.StandardService   : Stopping service [Tomcat]
2024-09-06T11:28:47.036-05:00  INFO 2116 --- [emazonapi] [main] .s.b.a.l.ConditionEvaluationReportLogger : 

Error starting ApplicationContext. To display the condition evaluation report re-run your application with 'debug' enabled.
2024-09-06T11:28:47.075-05:00 ERROR 2116 --- [emazonapi] [main] o.s.b.d.LoggingFailureAnalysisReporter   : 

***************************
APPLICATION FAILED TO START
***************************

Description:

Parameter 8 of constructor in com.bootcamp.emazonapi.config.ConfiguracionBeans required a bean of type 'org.springframework.security.crypto.password.PasswordEncoder' that could not be found.


Action:

Consider defining a bean of type 'org.springframework.security.crypto.password.PasswordEncoder' in your configuration.

2024-09-06T11:29:44.127-05:00  INFO 9376 --- [emazonapi] [main] c.b.emazonapi.EmazonApiApplication       : Starting EmazonApiApplication using Java 21.0.2 with PID 9376 (C:\Universidad\bootcamp Pragma\emazonAPI\build\classes\java\main started by eldan in C:\Universidad\bootcamp Pragma\emazonAPI)
2024-09-06T11:29:44.129-05:00  INFO 9376 --- [emazonapi] [main] c.b.emazonapi.EmazonApiApplication       : No active profile set, falling back to 1 default profile: "default"
2024-09-06T11:29:44.783-05:00  INFO 9376 --- [emazonapi] [main] .s.d.r.c.RepositoryConfigurationDelegate : Bootstrapping Spring Data JPA repositories in DEFAULT mode.
2024-09-06T11:29:44.852-05:00  INFO 9376 --- [emazonapi] [main] .s.d.r.c.RepositoryConfigurationDelegate : Finished Spring Data repository scanning in 61 ms. Found 5 JPA repository interfaces.
2024-09-06T11:29:45.335-05:00  INFO 9376 --- [emazonapi] [main] o.s.b.w.embedded.tomcat.TomcatWebServer  : Tomcat initialized with port 8090 (http)
2024-09-06T11:29:45.345-05:00  INFO 9376 --- [emazonapi] [main] o.apache.catalina.core.StandardService   : Starting service [Tomcat]
2024-09-06T11:29:45.345-05:00  INFO 9376 --- [emazonapi] [main] o.apache.catalina.core.StandardEngine    : Starting Servlet engine: [Apache Tomcat/10.1.26]
2024-09-06T11:29:45.398-05:00  INFO 9376 --- [emazonapi] [main] o.a.c.c.C.[Tomcat].[localhost].[/]       : Initializing Spring embedded WebApplicationContext
2024-09-06T11:29:45.398-05:00  INFO 9376 --- [emazonapi] [main] w.s.c.ServletWebServerApplicationContext : Root WebApplicationContext: initialization completed in 1233 ms
2024-09-06T11:29:45.655-05:00  INFO 9376 --- [emazonapi] [main] o.hibernate.jpa.internal.util.LogHelper  : HHH000204: Processing PersistenceUnitInfo [name: default]
2024-09-06T11:29:45.762-05:00  INFO 9376 --- [emazonapi] [main] org.hibernate.Version                    : HHH000412: Hibernate ORM core version 6.5.2.Final
2024-09-06T11:29:45.790-05:00  INFO 9376 --- [emazonapi] [main] o.h.c.internal.RegionFactoryInitiator    : HHH000026: Second-level cache disabled
2024-09-06T11:29:46.054-05:00  INFO 9376 --- [emazonapi] [main] o.s.o.j.p.SpringPersistenceUnitInfo      : No LoadTimeWeaver setup: ignoring JPA class transformer
2024-09-06T11:29:46.073-05:00  INFO 9376 --- [emazonapi] [main] com.zaxxer.hikari.HikariDataSource       : HikariPool-1 - Starting...
2024-09-06T11:29:46.208-05:00  INFO 9376 --- [emazonapi] [main] com.zaxxer.hikari.pool.HikariPool        : HikariPool-1 - Added connection com.mysql.cj.jdbc.ConnectionImpl@4fa8bebb
2024-09-06T11:29:46.210-05:00  INFO 9376 --- [emazonapi] [main] com.zaxxer.hikari.HikariDataSource       : HikariPool-1 - Start completed.
2024-09-06T11:29:46.237-05:00  WARN 9376 --- [emazonapi] [main] org.hibernate.orm.deprecation            : HHH90000025: MySQL8Dialect does not need to be specified explicitly using 'hibernate.dialect' (remove the property setting and it will be selected by default)
2024-09-06T11:29:46.237-05:00  WARN 9376 --- [emazonapi] [main] org.hibernate.orm.deprecation            : HHH90000026: MySQL8Dialect has been deprecated; use org.hibernate.dialect.MySQLDialect instead
2024-09-06T11:29:46.861-05:00  INFO 9376 --- [emazonapi] [main] o.h.e.t.j.p.i.JtaPlatformInitiator       : HHH000489: No JTA platform available (set 'hibernate.transaction.jta.platform' to enable JTA platform integration)
2024-09-06T11:29:46.924-05:00  INFO 9376 --- [emazonapi] [main] j.LocalContainerEntityManagerFactoryBean : Initialized JPA EntityManagerFactory for persistence unit 'default'
2024-09-06T11:29:47.226-05:00  WARN 9376 --- [emazonapi] [main] ConfigServletWebServerApplicationContext : Exception encountered during context initialization - cancelling refresh attempt: org.springframework.beans.factory.UnsatisfiedDependencyException: Error creating bean with name 'configuracionBeans' defined in file [C:\Universidad\bootcamp Pragma\emazonAPI\build\classes\java\main\com\bootcamp\emazonapi\config\ConfiguracionBeans.class]: Unsatisfied dependency expressed through constructor parameter 8: Error creating bean with name 'configuracionSeguridad' defined in file [C:\Universidad\bootcamp Pragma\emazonAPI\build\classes\java\main\com\bootcamp\emazonapi\config\security\ConfiguracionSeguridad.class]: Unsatisfied dependency expressed through constructor parameter 1: No qualifying bean of type 'java.lang.String' available: expected at least 1 bean which qualifies as autowire candidate. Dependency annotations: {}
2024-09-06T11:29:47.227-05:00  INFO 9376 --- [emazonapi] [main] j.LocalContainerEntityManagerFactoryBean : Closing JPA EntityManagerFactory for persistence unit 'default'
2024-09-06T11:29:47.229-05:00  INFO 9376 --- [emazonapi] [main] com.zaxxer.hikari.HikariDataSource       : HikariPool-1 - Shutdown initiated...
2024-09-06T11:29:47.237-05:00  INFO 9376 --- [emazonapi] [main] com.zaxxer.hikari.HikariDataSource       : HikariPool-1 - Shutdown completed.
2024-09-06T11:29:47.238-05:00  INFO 9376 --- [emazonapi] [main] o.apache.catalina.core.StandardService   : Stopping service [Tomcat]
2024-09-06T11:29:47.250-05:00  INFO 9376 --- [emazonapi] [main] .s.b.a.l.ConditionEvaluationReportLogger : 

Error starting ApplicationContext. To display the condition evaluation report re-run your application with 'debug' enabled.
2024-09-06T11:29:47.294-05:00 ERROR 9376 --- [emazonapi] [main] o.s.b.d.LoggingFailureAnalysisReporter   : 

***************************
APPLICATION FAILED TO START
***************************

Description:

Parameter 1 of constructor in com.bootcamp.emazonapi.config.security.ConfiguracionSeguridad required a bean of type 'java.lang.String' that could not be found.


Action:

Consider defining a bean of type 'java.lang.String' in your configuration.

2024-09-06T12:54:14.732-05:00  INFO 13500 --- [emazonapi] [main] c.b.emazonapi.EmazonApiApplication       : Starting EmazonApiApplication using Java 21.0.2 with PID 13500 (C:\Universidad\bootcamp Pragma\emazonAPI\build\classes\java\main started by eldan in C:\Universidad\bootcamp Pragma\emazonAPI)
2024-09-06T12:54:14.734-05:00  INFO 13500 --- [emazonapi] [main] c.b.emazonapi.EmazonApiApplication       : No active profile set, falling back to 1 default profile: "default"
2024-09-06T12:54:15.446-05:00  INFO 13500 --- [emazonapi] [main] .s.d.r.c.RepositoryConfigurationDelegate : Bootstrapping Spring Data JPA repositories in DEFAULT mode.
2024-09-06T12:54:15.508-05:00  INFO 13500 --- [emazonapi] [main] .s.d.r.c.RepositoryConfigurationDelegate : Finished Spring Data repository scanning in 56 ms. Found 5 JPA repository interfaces.
2024-09-06T12:54:16.008-05:00  INFO 13500 --- [emazonapi] [main] o.s.b.w.embedded.tomcat.TomcatWebServer  : Tomcat initialized with port 8090 (http)
2024-09-06T12:54:16.018-05:00  INFO 13500 --- [emazonapi] [main] o.apache.catalina.core.StandardService   : Starting service [Tomcat]
2024-09-06T12:54:16.019-05:00  INFO 13500 --- [emazonapi] [main] o.apache.catalina.core.StandardEngine    : Starting Servlet engine: [Apache Tomcat/10.1.26]
2024-09-06T12:54:16.090-05:00  INFO 13500 --- [emazonapi] [main] o.a.c.c.C.[Tomcat].[localhost].[/]       : Initializing Spring embedded WebApplicationContext
2024-09-06T12:54:16.091-05:00  INFO 13500 --- [emazonapi] [main] w.s.c.ServletWebServerApplicationContext : Root WebApplicationContext: initialization completed in 1315 ms
2024-09-06T12:54:16.346-05:00  INFO 13500 --- [emazonapi] [main] o.hibernate.jpa.internal.util.LogHelper  : HHH000204: Processing PersistenceUnitInfo [name: default]
2024-09-06T12:54:16.465-05:00  INFO 13500 --- [emazonapi] [main] org.hibernate.Version                    : HHH000412: Hibernate ORM core version 6.5.2.Final
2024-09-06T12:54:16.515-05:00  INFO 13500 --- [emazonapi] [main] o.h.c.internal.RegionFactoryInitiator    : HHH000026: Second-level cache disabled
2024-09-06T12:54:16.791-05:00  INFO 13500 --- [emazonapi] [main] o.s.o.j.p.SpringPersistenceUnitInfo      : No LoadTimeWeaver setup: ignoring JPA class transformer
2024-09-06T12:54:16.811-05:00  INFO 13500 --- [emazonapi] [main] com.zaxxer.hikari.HikariDataSource       : HikariPool-1 - Starting...
2024-09-06T12:54:16.941-05:00  INFO 13500 --- [emazonapi] [main] com.zaxxer.hikari.pool.HikariPool        : HikariPool-1 - Added connection com.mysql.cj.jdbc.ConnectionImpl@344f9467
2024-09-06T12:54:16.942-05:00  INFO 13500 --- [emazonapi] [main] com.zaxxer.hikari.HikariDataSource       : HikariPool-1 - Start completed.
2024-09-06T12:54:16.972-05:00  WARN 13500 --- [emazonapi] [main] org.hibernate.orm.deprecation            : HHH90000025: MySQL8Dialect does not need to be specified explicitly using 'hibernate.dialect' (remove the property setting and it will be selected by default)
2024-09-06T12:54:16.972-05:00  WARN 13500 --- [emazonapi] [main] org.hibernate.orm.deprecation            : HHH90000026: MySQL8Dialect has been deprecated; use org.hibernate.dialect.MySQLDialect instead
2024-09-06T12:54:17.713-05:00  INFO 13500 --- [emazonapi] [main] o.h.e.t.j.p.i.JtaPlatformInitiator       : HHH000489: No JTA platform available (set 'hibernate.transaction.jta.platform' to enable JTA platform integration)
2024-09-06T12:54:17.775-05:00  INFO 13500 --- [emazonapi] [main] j.LocalContainerEntityManagerFactoryBean : Initialized JPA EntityManagerFactory for persistence unit 'default'
2024-09-06T12:54:18.262-05:00  WARN 13500 --- [emazonapi] [main] JpaBaseConfiguration$JpaWebConfiguration : spring.jpa.open-in-view is enabled by default. Therefore, database queries may be performed during view rendering. Explicitly configure spring.jpa.open-in-view to disable this warning
2024-09-06T12:54:18.411-05:00  INFO 13500 --- [emazonapi] [main] r$InitializeUserDetailsManagerConfigurer : Global AuthenticationManager configured with UserDetailsService bean with name userDetailsService
2024-09-06T12:54:18.556-05:00 DEBUG 13500 --- [emazonapi] [main] s.w.s.m.m.a.RequestMappingHandlerMapping : 17 mappings in 'requestMappingHandlerMapping'
2024-09-06T12:54:18.663-05:00 DEBUG 13500 --- [emazonapi] [main] o.s.w.s.handler.SimpleUrlHandlerMapping  : Patterns [/webjars/**, /**, /swagger-ui*/*swagger-initializer.js, /swagger-ui*/**] in 'resourceHandlerMapping'
2024-09-06T12:54:18.890-05:00 DEBUG 13500 --- [emazonapi] [main] s.w.s.m.m.a.RequestMappingHandlerAdapter : ControllerAdvice beans: 0 @ModelAttribute, 0 @InitBinder, 1 RequestBodyAdvice, 1 ResponseBodyAdvice
2024-09-06T12:54:18.960-05:00 DEBUG 13500 --- [emazonapi] [main] .m.m.a.ExceptionHandlerExceptionResolver : ControllerAdvice beans: 2 @ExceptionHandler, 1 ResponseBodyAdvice
2024-09-06T12:54:19.178-05:00  INFO 13500 --- [emazonapi] [main] o.s.b.w.embedded.tomcat.TomcatWebServer  : Tomcat started on port 8090 (http) with context path '/'
2024-09-06T12:54:19.193-05:00  INFO 13500 --- [emazonapi] [main] c.b.emazonapi.EmazonApiApplication       : Started EmazonApiApplication in 4.829 seconds (process running for 5.136)
2024-09-06T12:54:33.526-05:00  INFO 24668 --- [emazonapi] [main] c.b.emazonapi.EmazonApiApplication       : Starting EmazonApiApplication using Java 21.0.2 with PID 24668 (C:\Universidad\bootcamp Pragma\emazonAPI\build\classes\java\main started by eldan in C:\Universidad\bootcamp Pragma\emazonAPI)
2024-09-06T12:54:33.528-05:00  INFO 24668 --- [emazonapi] [main] c.b.emazonapi.EmazonApiApplication       : No active profile set, falling back to 1 default profile: "default"
2024-09-06T12:54:34.297-05:00  INFO 24668 --- [emazonapi] [main] .s.d.r.c.RepositoryConfigurationDelegate : Bootstrapping Spring Data JPA repositories in DEFAULT mode.
2024-09-06T12:54:34.383-05:00  INFO 24668 --- [emazonapi] [main] .s.d.r.c.RepositoryConfigurationDelegate : Finished Spring Data repository scanning in 78 ms. Found 5 JPA repository interfaces.
2024-09-06T12:54:34.979-05:00  INFO 24668 --- [emazonapi] [main] o.s.b.w.embedded.tomcat.TomcatWebServer  : Tomcat initialized with port 8090 (http)
2024-09-06T12:54:34.992-05:00  INFO 24668 --- [emazonapi] [main] o.apache.catalina.core.StandardService   : Starting service [Tomcat]
2024-09-06T12:54:34.993-05:00  INFO 24668 --- [emazonapi] [main] o.apache.catalina.core.StandardEngine    : Starting Servlet engine: [Apache Tomcat/10.1.26]
2024-09-06T12:54:35.062-05:00  INFO 24668 --- [emazonapi] [main] o.a.c.c.C.[Tomcat].[localhost].[/]       : Initializing Spring embedded WebApplicationContext
2024-09-06T12:54:35.062-05:00  INFO 24668 --- [emazonapi] [main] w.s.c.ServletWebServerApplicationContext : Root WebApplicationContext: initialization completed in 1487 ms
2024-09-06T12:54:35.276-05:00  INFO 24668 --- [emazonapi] [main] o.hibernate.jpa.internal.util.LogHelper  : HHH000204: Processing PersistenceUnitInfo [name: default]
2024-09-06T12:54:35.354-05:00  INFO 24668 --- [emazonapi] [main] org.hibernate.Version                    : HHH000412: Hibernate ORM core version 6.5.2.Final
2024-09-06T12:54:35.390-05:00  INFO 24668 --- [emazonapi] [main] o.h.c.internal.RegionFactoryInitiator    : HHH000026: Second-level cache disabled
2024-09-06T12:54:35.697-05:00  INFO 24668 --- [emazonapi] [main] o.s.o.j.p.SpringPersistenceUnitInfo      : No LoadTimeWeaver setup: ignoring JPA class transformer
2024-09-06T12:54:35.718-05:00  INFO 24668 --- [emazonapi] [main] com.zaxxer.hikari.HikariDataSource       : HikariPool-1 - Starting...
2024-09-06T12:54:35.874-05:00  INFO 24668 --- [emazonapi] [main] com.zaxxer.hikari.pool.HikariPool        : HikariPool-1 - Added connection com.mysql.cj.jdbc.ConnectionImpl@6bf0f70a
2024-09-06T12:54:35.877-05:00  INFO 24668 --- [emazonapi] [main] com.zaxxer.hikari.HikariDataSource       : HikariPool-1 - Start completed.
2024-09-06T12:54:35.912-05:00  WARN 24668 --- [emazonapi] [main] org.hibernate.orm.deprecation            : HHH90000025: MySQL8Dialect does not need to be specified explicitly using 'hibernate.dialect' (remove the property setting and it will be selected by default)
2024-09-06T12:54:35.913-05:00  WARN 24668 --- [emazonapi] [main] org.hibernate.orm.deprecation            : HHH90000026: MySQL8Dialect has been deprecated; use org.hibernate.dialect.MySQLDialect instead
2024-09-06T12:54:36.670-05:00  INFO 24668 --- [emazonapi] [main] o.h.e.t.j.p.i.JtaPlatformInitiator       : HHH000489: No JTA platform available (set 'hibernate.transaction.jta.platform' to enable JTA platform integration)
2024-09-06T12:54:36.728-05:00  INFO 24668 --- [emazonapi] [main] j.LocalContainerEntityManagerFactoryBean : Initialized JPA EntityManagerFactory for persistence unit 'default'
2024-09-06T12:54:37.201-05:00  WARN 24668 --- [emazonapi] [main] JpaBaseConfiguration$JpaWebConfiguration : spring.jpa.open-in-view is enabled by default. Therefore, database queries may be performed during view rendering. Explicitly configure spring.jpa.open-in-view to disable this warning
2024-09-06T12:54:37.359-05:00  INFO 24668 --- [emazonapi] [main] r$InitializeUserDetailsManagerConfigurer : Global AuthenticationManager configured with UserDetailsService bean with name userDetailsService
2024-09-06T12:54:37.544-05:00 DEBUG 24668 --- [emazonapi] [main] s.w.s.m.m.a.RequestMappingHandlerMapping : 17 mappings in 'requestMappingHandlerMapping'
2024-09-06T12:54:37.645-05:00 DEBUG 24668 --- [emazonapi] [main] o.s.w.s.handler.SimpleUrlHandlerMapping  : Patterns [/webjars/**, /**, /swagger-ui*/*swagger-initializer.js, /swagger-ui*/**] in 'resourceHandlerMapping'
2024-09-06T12:54:37.803-05:00 DEBUG 24668 --- [emazonapi] [main] s.w.s.m.m.a.RequestMappingHandlerAdapter : ControllerAdvice beans: 0 @ModelAttribute, 0 @InitBinder, 1 RequestBodyAdvice, 1 ResponseBodyAdvice
2024-09-06T12:54:37.836-05:00 DEBUG 24668 --- [emazonapi] [main] .m.m.a.ExceptionHandlerExceptionResolver : ControllerAdvice beans: 2 @ExceptionHandler, 1 ResponseBodyAdvice
2024-09-06T12:54:38.052-05:00  INFO 24668 --- [emazonapi] [main] o.s.b.w.embedded.tomcat.TomcatWebServer  : Tomcat started on port 8090 (http) with context path '/'
2024-09-06T12:54:38.060-05:00  INFO 24668 --- [emazonapi] [main] c.b.emazonapi.EmazonApiApplication       : Started EmazonApiApplication in 4.958 seconds (process running for 5.384)
2024-09-06T14:51:34.803-05:00  INFO 8504 --- [emazonapi] [Test worker] c.b.emazonapi.EmazonApiApplicationTests  : Starting EmazonApiApplicationTests using Java 17.0.12 with PID 8504 (started by eldan in C:\Universidad\bootcamp Pragma\emazonAPI)
2024-09-06T14:51:34.805-05:00  INFO 8504 --- [emazonapi] [Test worker] c.b.emazonapi.EmazonApiApplicationTests  : No active profile set, falling back to 1 default profile: "default"
2024-09-06T14:51:34.827-05:00 DEBUG 8504 --- [emazonapi] [Test worker] o.s.w.c.s.GenericWebApplicationContext   : Refreshing org.springframework.web.context.support.GenericWebApplicationContext@6d3c232f
2024-09-06T14:51:35.471-05:00  INFO 8504 --- [emazonapi] [Test worker] .s.d.r.c.RepositoryConfigurationDelegate : Bootstrapping Spring Data JPA repositories in DEFAULT mode.
2024-09-06T14:51:35.541-05:00  INFO 8504 --- [emazonapi] [Test worker] .s.d.r.c.RepositoryConfigurationDelegate : Finished Spring Data repository scanning in 62 ms. Found 5 JPA repository interfaces.
2024-09-06T14:51:35.962-05:00  INFO 8504 --- [emazonapi] [Test worker] o.hibernate.jpa.internal.util.LogHelper  : HHH000204: Processing PersistenceUnitInfo [name: default]
2024-09-06T14:51:36.001-05:00  INFO 8504 --- [emazonapi] [Test worker] org.hibernate.Version                    : HHH000412: Hibernate ORM core version 6.5.2.Final
2024-09-06T14:51:36.030-05:00  INFO 8504 --- [emazonapi] [Test worker] o.h.c.internal.RegionFactoryInitiator    : HHH000026: Second-level cache disabled
2024-09-06T14:51:36.281-05:00  INFO 8504 --- [emazonapi] [Test worker] o.s.o.j.p.SpringPersistenceUnitInfo      : No LoadTimeWeaver setup: ignoring JPA class transformer
2024-09-06T14:51:36.307-05:00  INFO 8504 --- [emazonapi] [Test worker] com.zaxxer.hikari.HikariDataSource       : HikariPool-1 - Starting...
2024-09-06T14:51:36.424-05:00  INFO 8504 --- [emazonapi] [Test worker] com.zaxxer.hikari.pool.HikariPool        : HikariPool-1 - Added connection com.mysql.cj.jdbc.ConnectionImpl@4c6fc3e7
2024-09-06T14:51:36.426-05:00  INFO 8504 --- [emazonapi] [Test worker] com.zaxxer.hikari.HikariDataSource       : HikariPool-1 - Start completed.
2024-09-06T14:51:36.454-05:00  WARN 8504 --- [emazonapi] [Test worker] org.hibernate.orm.deprecation            : HHH90000025: MySQL8Dialect does not need to be specified explicitly using 'hibernate.dialect' (remove the property setting and it will be selected by default)
2024-09-06T14:51:36.455-05:00  WARN 8504 --- [emazonapi] [Test worker] org.hibernate.orm.deprecation            : HHH90000026: MySQL8Dialect has been deprecated; use org.hibernate.dialect.MySQLDialect instead
2024-09-06T14:51:37.216-05:00  INFO 8504 --- [emazonapi] [Test worker] o.h.e.t.j.p.i.JtaPlatformInitiator       : HHH000489: No JTA platform available (set 'hibernate.transaction.jta.platform' to enable JTA platform integration)
2024-09-06T14:51:37.269-05:00  INFO 8504 --- [emazonapi] [Test worker] j.LocalContainerEntityManagerFactoryBean : Initialized JPA EntityManagerFactory for persistence unit 'default'
2024-09-06T14:51:37.875-05:00  WARN 8504 --- [emazonapi] [Test worker] JpaBaseConfiguration$JpaWebConfiguration : spring.jpa.open-in-view is enabled by default. Therefore, database queries may be performed during view rendering. Explicitly configure spring.jpa.open-in-view to disable this warning
2024-09-06T14:51:38.058-05:00  INFO 8504 --- [emazonapi] [Test worker] r$InitializeUserDetailsManagerConfigurer : Global AuthenticationManager configured with UserDetailsService bean with name userDetailsService
2024-09-06T14:51:38.190-05:00 DEBUG 8504 --- [emazonapi] [Test worker] s.w.s.m.m.a.RequestMappingHandlerMapping : 17 mappings in 'requestMappingHandlerMapping'
2024-09-06T14:51:38.356-05:00 DEBUG 8504 --- [emazonapi] [Test worker] o.s.w.s.handler.SimpleUrlHandlerMapping  : Patterns [/webjars/**, /**, /swagger-ui*/*swagger-initializer.js, /swagger-ui*/**] in 'resourceHandlerMapping'
2024-09-06T14:51:38.594-05:00 DEBUG 8504 --- [emazonapi] [Test worker] s.w.s.m.m.a.RequestMappingHandlerAdapter : ControllerAdvice beans: 0 @ModelAttribute, 0 @InitBinder, 1 RequestBodyAdvice, 1 ResponseBodyAdvice
2024-09-06T14:51:38.616-05:00 DEBUG 8504 --- [emazonapi] [Test worker] .m.m.a.ExceptionHandlerExceptionResolver : ControllerAdvice beans: 2 @ExceptionHandler, 1 ResponseBodyAdvice
2024-09-06T14:51:38.762-05:00  INFO 8504 --- [emazonapi] [Test worker] c.b.emazonapi.EmazonApiApplicationTests  : Started EmazonApiApplicationTests in 4.132 seconds (process running for 4.999)
2024-09-06T14:51:39.163-05:00 DEBUG 8504 --- [emazonapi] [SpringApplicationShutdownHook] o.s.w.c.s.GenericWebApplicationContext   : Closing org.springframework.web.context.support.GenericWebApplicationContext@6d3c232f, started on Fri Sep 06 14:51:34 COT 2024
2024-09-06T14:51:39.169-05:00  INFO 8504 --- [emazonapi] [SpringApplicationShutdownHook] j.LocalContainerEntityManagerFactoryBean : Closing JPA EntityManagerFactory for persistence unit 'default'
2024-09-06T14:51:39.173-05:00  INFO 8504 --- [emazonapi] [SpringApplicationShutdownHook] com.zaxxer.hikari.HikariDataSource       : HikariPool-1 - Shutdown initiated...
2024-09-06T14:51:39.189-05:00  INFO 8504 --- [emazonapi] [SpringApplicationShutdownHook] com.zaxxer.hikari.HikariDataSource       : HikariPool-1 - Shutdown completed.
